<?xml version="1.0" encoding="utf-8"?>
<coverage line-rate="0.9556" branch-rate="0.9051" version="1.9" timestamp="1606924358" lines-covered="560" lines-valid="586" branches-covered="105" branches-valid="116">
  <sources>
    <source>C:\Users\kurto\</source>
  </sources>
  <packages>
    <package name="Domari" line-rate="0.9856999999999999" branch-rate="0.9051" complexity="161">
      <classes>
        <class name="Domari.Korisnik" filename="Desktop\Zadaca2\Domari\Domari\Korisnik.cs" line-rate="0.9259000000000001" branch-rate="0.8125" complexity="19">
          <methods>
            <method name="get_Username" signature="()" line-rate="1" branch-rate="1" complexity="1">
              <lines>
                <line number="20" hits="1" branch="False" />
              </lines>
            </method>
            <method name="set_Username" signature="(System.String)" line-rate="1" branch-rate="1" complexity="2">
              <lines>
                <line number="22" hits="12" branch="False" />
                <line number="23" hits="12" branch="True" condition-coverage="100% (2/2)">
                  <conditions>
                    <condition number="9" type="jump" coverage="100%" />
                  </conditions>
                </line>
                <line number="24" hits="1" branch="False" />
                <line number="26" hits="11" branch="False" />
                <line number="27" hits="11" branch="False" />
              </lines>
            </method>
            <method name="set_Password" signature="(System.String)" line-rate="1" branch-rate="0.6666" complexity="6">
              <lines>
                <line number="33" hits="12" branch="False" />
                <line number="34" hits="12" branch="True" condition-coverage="66.66% (4/6)">
                  <conditions>
                    <condition number="7" type="jump" coverage="50%" />
                    <condition number="27" type="jump" coverage="50%" />
                    <condition number="43" type="jump" coverage="100%" />
                  </conditions>
                </line>
                <line number="35" hits="12" branch="False" />
                <line number="36" hits="12" branch="False" />
                <line number="37" hits="1" branch="False" />
                <line number="39" hits="11" branch="False" />
                <line number="40" hits="11" branch="False" />
              </lines>
            </method>
            <method name="PromjenaPassworda" signature="(System.String,System.String)" line-rate="0.6666" branch-rate="0.875" complexity="8">
              <lines>
                <line number="69" hits="2" branch="False" />
                <line number="72" hits="2" branch="True" condition-coverage="100% (6/6)">
                  <conditions>
                    <condition number="7" type="jump" coverage="100%" />
                    <condition number="27" type="jump" coverage="100%" />
                    <condition number="43" type="jump" coverage="100%" />
                  </conditions>
                </line>
                <line number="73" hits="1" branch="False" />
                <line number="74" hits="2" branch="True" condition-coverage="50% (1/2)">
                  <conditions>
                    <condition number="91" type="jump" coverage="50%" />
                  </conditions>
                </line>
                <line number="76" hits="0" branch="False" />
                <line number="78" hits="0" branch="False" />
              </lines>
            </method>
            <method name=".ctor" signature="(System.String,System.String)" line-rate="1" branch-rate="1" complexity="1">
              <lines>
                <line number="46" hits="8" branch="False" />
                <line number="47" hits="8" branch="False" />
                <line number="48" hits="8" branch="False" />
                <line number="49" hits="8" branch="False" />
                <line number="50" hits="8" branch="False" />
              </lines>
            </method>
            <method name=".ctor" signature="()" line-rate="1" branch-rate="1" complexity="1">
              <lines>
                <line number="52" hits="27" branch="False" />
                <line number="53" hits="27" branch="False" />
                <line number="55" hits="27" branch="False" />
              </lines>
            </method>
          </methods>
          <lines>
            <line number="20" hits="1" branch="False" />
            <line number="22" hits="12" branch="False" />
            <line number="23" hits="12" branch="True" condition-coverage="100% (2/2)">
              <conditions>
                <condition number="9" type="jump" coverage="100%" />
              </conditions>
            </line>
            <line number="24" hits="1" branch="False" />
            <line number="26" hits="11" branch="False" />
            <line number="27" hits="11" branch="False" />
            <line number="33" hits="12" branch="False" />
            <line number="34" hits="12" branch="True" condition-coverage="66.66% (4/6)">
              <conditions>
                <condition number="7" type="jump" coverage="50%" />
                <condition number="27" type="jump" coverage="50%" />
                <condition number="43" type="jump" coverage="100%" />
              </conditions>
            </line>
            <line number="35" hits="12" branch="False" />
            <line number="36" hits="12" branch="False" />
            <line number="37" hits="1" branch="False" />
            <line number="39" hits="11" branch="False" />
            <line number="40" hits="11" branch="False" />
            <line number="69" hits="2" branch="False" />
            <line number="72" hits="2" branch="True" condition-coverage="100% (6/6)">
              <conditions>
                <condition number="7" type="jump" coverage="100%" />
                <condition number="27" type="jump" coverage="100%" />
                <condition number="43" type="jump" coverage="100%" />
              </conditions>
            </line>
            <line number="73" hits="1" branch="False" />
            <line number="74" hits="2" branch="True" condition-coverage="50% (1/2)">
              <conditions>
                <condition number="91" type="jump" coverage="50%" />
              </conditions>
            </line>
            <line number="76" hits="0" branch="False" />
            <line number="78" hits="0" branch="False" />
            <line number="46" hits="8" branch="False" />
            <line number="47" hits="8" branch="False" />
            <line number="48" hits="8" branch="False" />
            <line number="49" hits="8" branch="False" />
            <line number="50" hits="8" branch="False" />
            <line number="52" hits="27" branch="False" />
            <line number="53" hits="27" branch="False" />
            <line number="55" hits="27" branch="False" />
          </lines>
        </class>
        <class name="Domari.LicniPodaci" filename="Desktop\Zadaca2\Domari\Domari\LicniPodaci.cs" line-rate="1" branch-rate="0.9166" complexity="36">
          <methods>
            <method name="get_Ime" signature="()" line-rate="1" branch-rate="1" complexity="1">
              <lines>
                <line number="28" hits="1" branch="False" />
              </lines>
            </method>
            <method name="set_Ime" signature="(System.String)" line-rate="1" branch-rate="0.8332999999999999" complexity="6">
              <lines>
                <line number="30" hits="7" branch="False" />
                <line number="31" hits="7" branch="True" condition-coverage="83.33% (5/6)">
                  <conditions>
                    <condition number="7" type="jump" coverage="100%" />
                    <condition number="34" type="jump" coverage="50%" />
                    <condition number="71" type="jump" coverage="100%" />
                  </conditions>
                </line>
                <line number="32" hits="7" branch="False" />
                <line number="33" hits="7" branch="False" />
                <line number="34" hits="1" branch="False" />
                <line number="36" hits="6" branch="False" />
                <line number="37" hits="6" branch="False" />
              </lines>
            </method>
            <method name="get_Prezime" signature="()" line-rate="1" branch-rate="1" complexity="1">
              <lines>
                <line number="42" hits="1" branch="False" />
              </lines>
            </method>
            <method name="set_Prezime" signature="(System.String)" line-rate="1" branch-rate="0.8332999999999999" complexity="6">
              <lines>
                <line number="44" hits="6" branch="False" />
                <line number="45" hits="6" branch="True" condition-coverage="83.33% (5/6)">
                  <conditions>
                    <condition number="7" type="jump" coverage="100%" />
                    <condition number="34" type="jump" coverage="50%" />
                    <condition number="71" type="jump" coverage="100%" />
                  </conditions>
                </line>
                <line number="46" hits="6" branch="False" />
                <line number="47" hits="6" branch="False" />
                <line number="48" hits="1" branch="False" />
                <line number="50" hits="5" branch="False" />
                <line number="51" hits="5" branch="False" />
              </lines>
            </method>
            <method name="get_MjestoRodjenja" signature="()" line-rate="1" branch-rate="1" complexity="1">
              <lines>
                <line number="56" hits="1" branch="False" />
              </lines>
            </method>
            <method name="set_MjestoRodjenja" signature="(System.String)" line-rate="1" branch-rate="1" complexity="2">
              <lines>
                <line number="58" hits="5" branch="False" />
                <line number="59" hits="5" branch="True" condition-coverage="100% (2/2)">
                  <conditions>
                    <condition number="9" type="jump" coverage="100%" />
                  </conditions>
                </line>
                <line number="60" hits="1" branch="False" />
                <line number="62" hits="4" branch="False" />
                <line number="63" hits="4" branch="False" />
              </lines>
            </method>
            <method name="get_Email" signature="()" line-rate="1" branch-rate="1" complexity="1">
              <lines>
                <line number="68" hits="1" branch="False" />
              </lines>
            </method>
            <method name="set_Email" signature="(System.String)" line-rate="1" branch-rate="1" complexity="2">
              <lines>
                <line number="70" hits="4" branch="False" />
                <line number="71" hits="4" branch="True" condition-coverage="100% (2/2)">
                  <conditions>
                    <condition number="9" type="jump" coverage="100%" />
                  </conditions>
                </line>
                <line number="72" hits="1" branch="False" />
                <line number="74" hits="3" branch="False" />
                <line number="75" hits="3" branch="False" />
              </lines>
            </method>
            <method name="get_Slika" signature="()" line-rate="1" branch-rate="1" complexity="1">
              <lines>
                <line number="80" hits="1" branch="False" />
              </lines>
            </method>
            <method name="set_Slika" signature="(System.String)" line-rate="1" branch-rate="1" complexity="1">
              <lines>
                <line number="81" hits="3" branch="False" />
              </lines>
            </method>
            <method name="get_JMBG" signature="()" line-rate="1" branch-rate="1" complexity="1">
              <lines>
                <line number="86" hits="1" branch="False" />
              </lines>
            </method>
            <method name="set_JMBG" signature="(System.String)" line-rate="1" branch-rate="1" complexity="6">
              <lines>
                <line number="88" hits="3" branch="False" />
                <line number="89" hits="3" branch="True" condition-coverage="100% (6/6)">
                  <conditions>
                    <condition number="7" type="jump" coverage="100%" />
                    <condition number="17" type="jump" coverage="100%" />
                    <condition number="45" type="jump" coverage="100%" />
                  </conditions>
                </line>
                <line number="90" hits="3" branch="False" />
                <line number="91" hits="3" branch="False" />
                <line number="92" hits="1" branch="False" />
                <line number="94" hits="2" branch="False" />
                <line number="95" hits="2" branch="False" />
              </lines>
            </method>
            <method name="get_Spol" signature="()" line-rate="1" branch-rate="1" complexity="1">
              <lines>
                <line number="100" hits="1" branch="False" />
              </lines>
            </method>
            <method name="set_Spol" signature="(Domari.Spol)" line-rate="1" branch-rate="1" complexity="1">
              <lines>
                <line number="101" hits="2" branch="False" />
              </lines>
            </method>
            <method name="get_DatumRodjenja" signature="()" line-rate="1" branch-rate="1" complexity="1">
              <lines>
                <line number="106" hits="1" branch="False" />
              </lines>
            </method>
            <method name="set_DatumRodjenja" signature="(System.DateTime)" line-rate="1" branch-rate="1" complexity="2">
              <lines>
                <line number="108" hits="2" branch="False" />
                <line number="109" hits="2" branch="True" condition-coverage="100% (2/2)">
                  <conditions>
                    <condition number="14" type="jump" coverage="100%" />
                  </conditions>
                </line>
                <line number="110" hits="1" branch="False" />
                <line number="112" hits="1" branch="False" />
                <line number="113" hits="1" branch="False" />
              </lines>
            </method>
            <method name=".ctor" signature="(System.String,System.String,System.String,System.String,System.String,System.String,Domari.Spol,System.DateTime)" line-rate="1" branch-rate="1" complexity="1">
              <lines>
                <line number="120" hits="7" branch="False" />
                <line number="121" hits="7" branch="False" />
                <line number="122" hits="7" branch="False" />
                <line number="123" hits="6" branch="False" />
                <line number="124" hits="5" branch="False" />
                <line number="125" hits="4" branch="False" />
                <line number="126" hits="3" branch="False" />
                <line number="127" hits="3" branch="False" />
                <line number="128" hits="2" branch="False" />
                <line number="129" hits="2" branch="False" />
                <line number="130" hits="1" branch="False" />
              </lines>
            </method>
            <method name=".ctor" signature="()" line-rate="1" branch-rate="1" complexity="1">
              <lines>
                <line number="132" hits="7" branch="False" />
                <line number="133" hits="7" branch="False" />
                <line number="135" hits="7" branch="False" />
              </lines>
            </method>
          </methods>
          <lines>
            <line number="28" hits="1" branch="False" />
            <line number="30" hits="7" branch="False" />
            <line number="31" hits="7" branch="True" condition-coverage="83.33% (5/6)">
              <conditions>
                <condition number="7" type="jump" coverage="100%" />
                <condition number="34" type="jump" coverage="50%" />
                <condition number="71" type="jump" coverage="100%" />
              </conditions>
            </line>
            <line number="32" hits="7" branch="False" />
            <line number="33" hits="7" branch="False" />
            <line number="34" hits="1" branch="False" />
            <line number="36" hits="6" branch="False" />
            <line number="37" hits="6" branch="False" />
            <line number="42" hits="1" branch="False" />
            <line number="44" hits="6" branch="False" />
            <line number="45" hits="6" branch="True" condition-coverage="83.33% (5/6)">
              <conditions>
                <condition number="7" type="jump" coverage="100%" />
                <condition number="34" type="jump" coverage="50%" />
                <condition number="71" type="jump" coverage="100%" />
              </conditions>
            </line>
            <line number="46" hits="6" branch="False" />
            <line number="47" hits="6" branch="False" />
            <line number="48" hits="1" branch="False" />
            <line number="50" hits="5" branch="False" />
            <line number="51" hits="5" branch="False" />
            <line number="56" hits="1" branch="False" />
            <line number="58" hits="5" branch="False" />
            <line number="59" hits="5" branch="True" condition-coverage="100% (2/2)">
              <conditions>
                <condition number="9" type="jump" coverage="100%" />
              </conditions>
            </line>
            <line number="60" hits="1" branch="False" />
            <line number="62" hits="4" branch="False" />
            <line number="63" hits="4" branch="False" />
            <line number="68" hits="1" branch="False" />
            <line number="70" hits="4" branch="False" />
            <line number="71" hits="4" branch="True" condition-coverage="100% (2/2)">
              <conditions>
                <condition number="9" type="jump" coverage="100%" />
              </conditions>
            </line>
            <line number="72" hits="1" branch="False" />
            <line number="74" hits="3" branch="False" />
            <line number="75" hits="3" branch="False" />
            <line number="80" hits="1" branch="False" />
            <line number="81" hits="3" branch="False" />
            <line number="86" hits="1" branch="False" />
            <line number="88" hits="3" branch="False" />
            <line number="89" hits="3" branch="True" condition-coverage="100% (6/6)">
              <conditions>
                <condition number="7" type="jump" coverage="100%" />
                <condition number="17" type="jump" coverage="100%" />
                <condition number="45" type="jump" coverage="100%" />
              </conditions>
            </line>
            <line number="90" hits="3" branch="False" />
            <line number="91" hits="3" branch="False" />
            <line number="92" hits="1" branch="False" />
            <line number="94" hits="2" branch="False" />
            <line number="95" hits="2" branch="False" />
            <line number="100" hits="1" branch="False" />
            <line number="101" hits="2" branch="False" />
            <line number="106" hits="1" branch="False" />
            <line number="108" hits="2" branch="False" />
            <line number="109" hits="2" branch="True" condition-coverage="100% (2/2)">
              <conditions>
                <condition number="14" type="jump" coverage="100%" />
              </conditions>
            </line>
            <line number="110" hits="1" branch="False" />
            <line number="112" hits="1" branch="False" />
            <line number="113" hits="1" branch="False" />
            <line number="120" hits="7" branch="False" />
            <line number="121" hits="7" branch="False" />
            <line number="122" hits="7" branch="False" />
            <line number="123" hits="6" branch="False" />
            <line number="124" hits="5" branch="False" />
            <line number="125" hits="4" branch="False" />
            <line number="126" hits="3" branch="False" />
            <line number="127" hits="3" branch="False" />
            <line number="128" hits="2" branch="False" />
            <line number="129" hits="2" branch="False" />
            <line number="130" hits="1" branch="False" />
            <line number="132" hits="7" branch="False" />
            <line number="133" hits="7" branch="False" />
            <line number="135" hits="7" branch="False" />
          </lines>
        </class>
        <class name="Domari.Paviljon" filename="Desktop\Zadaca2\Domari\Domari\Paviljon.cs" line-rate="1" branch-rate="1" complexity="1">
          <methods>
            <method name="DajImePaviljona" signature="()" line-rate="1" branch-rate="1" complexity="1">
              <lines>
                <line number="14" hits="3" branch="False" />
                <line number="15" hits="3" branch="False" />
                <line number="16" hits="3" branch="False" />
              </lines>
            </method>
          </methods>
          <lines>
            <line number="14" hits="3" branch="False" />
            <line number="15" hits="3" branch="False" />
            <line number="16" hits="3" branch="False" />
          </lines>
        </class>
        <class name="Domari.Skolovanje" filename="Desktop\Zadaca2\Domari\Domari\Skolovanje.cs" line-rate="1" branch-rate="1" complexity="19">
          <methods>
            <method name="get_MaticniFakultet" signature="()" line-rate="1" branch-rate="1" complexity="1">
              <lines>
                <line number="20" hits="3" branch="False" />
              </lines>
            </method>
            <method name="set_MaticniFakultet" signature="(System.String)" line-rate="1" branch-rate="1" complexity="1">
              <lines>
                <line number="21" hits="10" branch="False" />
              </lines>
            </method>
            <method name="get_BrojIndeksa" signature="()" line-rate="1" branch-rate="1" complexity="1">
              <lines>
                <line number="25" hits="1" branch="False" />
              </lines>
            </method>
            <method name="set_BrojIndeksa" signature="(System.String)" line-rate="1" branch-rate="1" complexity="1">
              <lines>
                <line number="26" hits="1" branch="False" />
              </lines>
            </method>
            <method name="get_GodinaStudija" signature="()" line-rate="1" branch-rate="1" complexity="1">
              <lines>
                <line number="30" hits="2" branch="False" />
              </lines>
            </method>
            <method name="set_GodinaStudija" signature="(System.Int32)" line-rate="1" branch-rate="1" complexity="1">
              <lines>
                <line number="31" hits="24" branch="False" />
              </lines>
            </method>
            <method name="get_CiklusStudija" signature="()" line-rate="1" branch-rate="1" complexity="1">
              <lines>
                <line number="35" hits="2" branch="False" />
              </lines>
            </method>
            <method name="set_CiklusStudija" signature="(System.Int32)" line-rate="1" branch-rate="1" complexity="1">
              <lines>
                <line number="36" hits="23" branch="False" />
              </lines>
            </method>
            <method name="PromjenaGodineStudija" signature="(System.Int32,System.Int32)" line-rate="1" branch-rate="1" complexity="10">
              <lines>
                <line number="56" hits="3" branch="False" />
                <line number="58" hits="4" branch="True" condition-coverage="100% (8/8)">
                  <conditions>
                    <condition number="3" type="jump" coverage="100%" />
                    <condition number="7" type="jump" coverage="100%" />
                    <condition number="11" type="jump" coverage="100%" />
                    <condition number="25" type="jump" coverage="100%" />
                  </conditions>
                </line>
                <line number="60" hits="2" branch="False" />
                <line number="61" hits="2" branch="False" />
                <line number="62" hits="2" branch="False" />
                <line number="64" hits="2" branch="False" />
                <line number="66" hits="3" branch="True" condition-coverage="100% (2/2)">
                  <conditions>
                    <condition number="61" type="jump" coverage="100%" />
                  </conditions>
                </line>
                <line number="67" hits="1" branch="False" />
                <line number="69" hits="2" branch="False" />
              </lines>
            </method>
            <method name=".ctor" signature="()" line-rate="1" branch-rate="1" complexity="1">
              <lines>
                <line number="43" hits="20" branch="False" />
                <line number="44" hits="20" branch="False" />
                <line number="45" hits="20" branch="False" />
                <line number="46" hits="20" branch="False" />
                <line number="47" hits="20" branch="False" />
                <line number="48" hits="20" branch="False" />
                <line number="49" hits="20" branch="False" />
              </lines>
            </method>
          </methods>
          <lines>
            <line number="20" hits="3" branch="False" />
            <line number="21" hits="10" branch="False" />
            <line number="25" hits="1" branch="False" />
            <line number="26" hits="1" branch="False" />
            <line number="30" hits="2" branch="False" />
            <line number="31" hits="24" branch="False" />
            <line number="35" hits="2" branch="False" />
            <line number="36" hits="23" branch="False" />
            <line number="56" hits="3" branch="False" />
            <line number="58" hits="4" branch="True" condition-coverage="100% (8/8)">
              <conditions>
                <condition number="3" type="jump" coverage="100%" />
                <condition number="7" type="jump" coverage="100%" />
                <condition number="11" type="jump" coverage="100%" />
                <condition number="25" type="jump" coverage="100%" />
              </conditions>
            </line>
            <line number="60" hits="2" branch="False" />
            <line number="61" hits="2" branch="False" />
            <line number="62" hits="2" branch="False" />
            <line number="64" hits="2" branch="False" />
            <line number="66" hits="3" branch="True" condition-coverage="100% (2/2)">
              <conditions>
                <condition number="61" type="jump" coverage="100%" />
              </conditions>
            </line>
            <line number="67" hits="1" branch="False" />
            <line number="69" hits="2" branch="False" />
            <line number="43" hits="20" branch="False" />
            <line number="44" hits="20" branch="False" />
            <line number="45" hits="20" branch="False" />
            <line number="46" hits="20" branch="False" />
            <line number="47" hits="20" branch="False" />
            <line number="48" hits="20" branch="False" />
            <line number="49" hits="20" branch="False" />
          </lines>
        </class>
        <class name="Domari.Soba" filename="Desktop\Zadaca2\Domari\Domari\Soba.cs" line-rate="1" branch-rate="0.8332999999999999" complexity="25">
          <methods>
            <method name="get_BrojSobe" signature="()" line-rate="1" branch-rate="1" complexity="1">
              <lines>
                <line number="20" hits="6" branch="False" />
              </lines>
            </method>
            <method name="get_Kapacitet" signature="()" line-rate="1" branch-rate="1" complexity="1">
              <lines>
                <line number="25" hits="36" branch="False" />
              </lines>
            </method>
            <method name="set_Kapacitet" signature="(System.Int32)" line-rate="1" branch-rate="1" complexity="1">
              <lines>
                <line number="26" hits="4" branch="False" />
              </lines>
            </method>
            <method name="get_Stanari" signature="()" line-rate="1" branch-rate="1" complexity="1">
              <lines>
                <line number="31" hits="69" branch="False" />
              </lines>
            </method>
            <method name="DodajStanara" signature="(Domari.Student)" line-rate="1" branch-rate="1" complexity="2">
              <lines>
                <line number="50" hits="15" branch="False" />
                <line number="51" hits="15" branch="True" condition-coverage="100% (2/2)">
                  <conditions>
                    <condition number="22" type="jump" coverage="100%" />
                  </conditions>
                </line>
                <line number="52" hits="1" branch="False" />
                <line number="54" hits="14" branch="False" />
                <line number="55" hits="14" branch="False" />
              </lines>
            </method>
            <method name="IsprazniSobu" signature="()" line-rate="1" branch-rate="1" complexity="1">
              <lines>
                <line number="58" hits="1" branch="False" />
                <line number="59" hits="1" branch="False" />
                <line number="60" hits="1" branch="False" />
              </lines>
            </method>
            <method name="IzbaciStudenta" signature="(Domari.Student)" line-rate="1" branch-rate="1" complexity="2">
              <lines>
                <line number="63" hits="3" branch="False" />
                <line number="64" hits="6" branch="False" />
                <line number="66" hits="3" branch="True" condition-coverage="100% (2/2)">
                  <conditions>
                    <condition number="44" type="jump" coverage="100%" />
                  </conditions>
                </line>
                <line number="67" hits="1" branch="False" />
                <line number="69" hits="2" branch="False" />
                <line number="70" hits="2" branch="False" />
              </lines>
            </method>
            <method name="DaLiJeStanar" signature="(Domari.Student)" line-rate="1" branch-rate="1" complexity="1">
              <lines>
                <line number="73" hits="17" branch="False" />
                <line number="74" hits="19" branch="False" />
                <line number="75" hits="17" branch="False" />
              </lines>
            </method>
            <method name="PromjenaBrojaSobe" signature="(System.Int32)" line-rate="1" branch-rate="0.7857" complexity="14">
              <lines>
                <line number="87" hits="6" branch="False" />
                <line number="88" hits="6" branch="True" condition-coverage="75% (3/4)">
                  <conditions>
                    <condition number="4" type="jump" coverage="50%" />
                    <condition number="19" type="jump" coverage="100%" />
                  </conditions>
                </line>
                <line number="89" hits="2" branch="False" />
                <line number="90" hits="2" branch="False" />
                <line number="91" hits="2" branch="False" />
                <line number="92" hits="2" branch="False" />
                <line number="93" hits="4" branch="True" condition-coverage="75% (3/4)">
                  <conditions>
                    <condition number="45" type="jump" coverage="50%" />
                    <condition number="60" type="jump" coverage="100%" />
                  </conditions>
                </line>
                <line number="94" hits="2" branch="False" />
                <line number="95" hits="2" branch="False" />
                <line number="96" hits="2" branch="False" />
                <line number="97" hits="2" branch="False" />
                <line number="98" hits="2" branch="True" condition-coverage="75% (3/4)">
                  <conditions>
                    <condition number="86" type="jump" coverage="50%" />
                    <condition number="101" type="jump" coverage="100%" />
                  </conditions>
                </line>
                <line number="99" hits="1" branch="False" />
                <line number="100" hits="1" branch="False" />
                <line number="101" hits="1" branch="False" />
                <line number="102" hits="1" branch="False" />
                <line number="104" hits="1" branch="False" />
                <line number="105" hits="1" branch="False" />
                <line number="107" hits="6" branch="True" condition-coverage="100% (2/2)">
                  <conditions>
                    <condition number="171" type="jump" coverage="100%" />
                  </conditions>
                </line>
                <line number="108" hits="1" branch="False" />
                <line number="109" hits="1" branch="False" />
                <line number="110" hits="1" branch="False" />
                <line number="111" hits="5" branch="False" />
              </lines>
            </method>
            <method name=".ctor" signature="(System.Int32,System.Int32)" line-rate="1" branch-rate="1" complexity="1">
              <lines>
                <line number="38" hits="133" branch="False" />
                <line number="39" hits="133" branch="False" />
                <line number="40" hits="133" branch="False" />
                <line number="41" hits="133" branch="False" />
                <line number="42" hits="133" branch="False" />
                <line number="43" hits="133" branch="False" />
              </lines>
            </method>
          </methods>
          <lines>
            <line number="20" hits="6" branch="False" />
            <line number="25" hits="36" branch="False" />
            <line number="26" hits="4" branch="False" />
            <line number="31" hits="69" branch="False" />
            <line number="50" hits="15" branch="False" />
            <line number="51" hits="15" branch="True" condition-coverage="100% (2/2)">
              <conditions>
                <condition number="22" type="jump" coverage="100%" />
              </conditions>
            </line>
            <line number="52" hits="1" branch="False" />
            <line number="54" hits="14" branch="False" />
            <line number="55" hits="14" branch="False" />
            <line number="58" hits="1" branch="False" />
            <line number="59" hits="1" branch="False" />
            <line number="60" hits="1" branch="False" />
            <line number="63" hits="3" branch="False" />
            <line number="64" hits="6" branch="False" />
            <line number="66" hits="3" branch="True" condition-coverage="100% (2/2)">
              <conditions>
                <condition number="44" type="jump" coverage="100%" />
              </conditions>
            </line>
            <line number="67" hits="1" branch="False" />
            <line number="69" hits="2" branch="False" />
            <line number="70" hits="2" branch="False" />
            <line number="73" hits="17" branch="False" />
            <line number="74" hits="19" branch="False" />
            <line number="75" hits="17" branch="False" />
            <line number="87" hits="6" branch="False" />
            <line number="88" hits="6" branch="True" condition-coverage="75% (3/4)">
              <conditions>
                <condition number="4" type="jump" coverage="50%" />
                <condition number="19" type="jump" coverage="100%" />
              </conditions>
            </line>
            <line number="89" hits="2" branch="False" />
            <line number="90" hits="2" branch="False" />
            <line number="91" hits="2" branch="False" />
            <line number="92" hits="2" branch="False" />
            <line number="93" hits="4" branch="True" condition-coverage="75% (3/4)">
              <conditions>
                <condition number="45" type="jump" coverage="50%" />
                <condition number="60" type="jump" coverage="100%" />
              </conditions>
            </line>
            <line number="94" hits="2" branch="False" />
            <line number="95" hits="2" branch="False" />
            <line number="96" hits="2" branch="False" />
            <line number="97" hits="2" branch="False" />
            <line number="98" hits="2" branch="True" condition-coverage="75% (3/4)">
              <conditions>
                <condition number="86" type="jump" coverage="50%" />
                <condition number="101" type="jump" coverage="100%" />
              </conditions>
            </line>
            <line number="99" hits="1" branch="False" />
            <line number="100" hits="1" branch="False" />
            <line number="101" hits="1" branch="False" />
            <line number="102" hits="1" branch="False" />
            <line number="104" hits="1" branch="False" />
            <line number="105" hits="1" branch="False" />
            <line number="107" hits="6" branch="True" condition-coverage="100% (2/2)">
              <conditions>
                <condition number="171" type="jump" coverage="100%" />
              </conditions>
            </line>
            <line number="108" hits="1" branch="False" />
            <line number="109" hits="1" branch="False" />
            <line number="110" hits="1" branch="False" />
            <line number="111" hits="5" branch="False" />
            <line number="38" hits="133" branch="False" />
            <line number="39" hits="133" branch="False" />
            <line number="40" hits="133" branch="False" />
            <line number="41" hits="133" branch="False" />
            <line number="42" hits="133" branch="False" />
            <line number="43" hits="133" branch="False" />
          </lines>
        </class>
        <class name="Domari.Student" filename="Desktop\Zadaca2\Domari\Domari\Student.cs" line-rate="1" branch-rate="0.8332999999999999" complexity="16">
          <methods>
            <method name="get_IdentifikacioniBroj" signature="()" line-rate="1" branch-rate="1" complexity="1">
              <lines>
                <line number="24" hits="16" branch="False" />
              </lines>
            </method>
            <method name="get_Podaci" signature="()" line-rate="1" branch-rate="1" complexity="1">
              <lines>
                <line number="28" hits="1" branch="False" />
              </lines>
            </method>
            <method name="set_Podaci" signature="(Domari.LicniPodaci)" line-rate="1" branch-rate="1" complexity="1">
              <lines>
                <line number="29" hits="8" branch="False" />
              </lines>
            </method>
            <method name="get_Prebivaliste" signature="()" line-rate="1" branch-rate="1" complexity="1">
              <lines>
                <line number="33" hits="1" branch="False" />
              </lines>
            </method>
            <method name="set_Prebivaliste" signature="(System.Collections.Generic.List`1&lt;System.String&gt;)" line-rate="1" branch-rate="1" complexity="1">
              <lines>
                <line number="34" hits="8" branch="False" />
              </lines>
            </method>
            <method name="get_Skolovanje" signature="()" line-rate="1" branch-rate="1" complexity="1">
              <lines>
                <line number="38" hits="15" branch="False" />
              </lines>
            </method>
            <method name="set_Skolovanje" signature="(Domari.Skolovanje)" line-rate="1" branch-rate="1" complexity="1">
              <lines>
                <line number="39" hits="17" branch="False" />
              </lines>
            </method>
            <method name="get_StanjeRacuna" signature="()" line-rate="1" branch-rate="1" complexity="1">
              <lines>
                <line number="43" hits="4" branch="False" />
              </lines>
            </method>
            <method name="AzurirajStanjeRacuna" signature="(System.Double)" line-rate="1" branch-rate="1" complexity="1">
              <lines>
                <line number="77" hits="1" branch="False" />
                <line number="78" hits="1" branch="False" />
                <line number="79" hits="1" branch="False" />
              </lines>
            </method>
            <method name="PromjenaInformacijaOSkolovanju" signature="(System.String,System.Int32,System.Int32)" line-rate="1" branch-rate="0.75" complexity="4">
              <lines>
                <line number="88" hits="2" branch="False" />
                <line number="89" hits="3" branch="True" condition-coverage="75% (3/4)">
                  <conditions>
                    <condition number="13" type="jump" coverage="50%" />
                    <condition number="37" type="jump" coverage="100%" />
                  </conditions>
                </line>
                <line number="90" hits="1" branch="False" />
                <line number="91" hits="1" branch="False" />
                <line number="92" hits="1" branch="False" />
                <line number="93" hits="1" branch="False" />
                <line number="94" hits="1" branch="False" />
                <line number="95" hits="1" branch="False" />
                <line number="96" hits="2" branch="False" />
              </lines>
            </method>
            <method name=".ctor" signature="(System.String,System.String,Domari.LicniPodaci,System.Collections.Generic.List`1&lt;System.String&gt;,Domari.Skolovanje)" line-rate="1" branch-rate="1" complexity="2">
              <lines>
                <line number="51" hits="8" branch="False" />
                <line number="52" hits="8" branch="False" />
                <line number="53" hits="8" branch="False" />
                <line number="54" hits="8" branch="False" />
                <line number="56" hits="8" branch="True" condition-coverage="100% (2/2)">
                  <conditions>
                    <condition number="34" type="jump" coverage="100%" />
                  </conditions>
                </line>
                <line number="57" hits="7" branch="False" />
                <line number="59" hits="1" branch="False" />
                <line number="61" hits="8" branch="False" />
                <line number="62" hits="8" branch="False" />
                <line number="64" hits="8" branch="False" />
                <line number="65" hits="8" branch="False" />
              </lines>
            </method>
            <method name=".ctor" signature="()" line-rate="1" branch-rate="1" complexity="1">
              <lines>
                <line number="67" hits="27" branch="False" />
                <line number="68" hits="27" branch="False" />
                <line number="70" hits="27" branch="False" />
              </lines>
            </method>
          </methods>
          <lines>
            <line number="24" hits="16" branch="False" />
            <line number="28" hits="1" branch="False" />
            <line number="29" hits="8" branch="False" />
            <line number="33" hits="1" branch="False" />
            <line number="34" hits="8" branch="False" />
            <line number="38" hits="15" branch="False" />
            <line number="39" hits="17" branch="False" />
            <line number="43" hits="4" branch="False" />
            <line number="77" hits="1" branch="False" />
            <line number="78" hits="1" branch="False" />
            <line number="79" hits="1" branch="False" />
            <line number="88" hits="2" branch="False" />
            <line number="89" hits="3" branch="True" condition-coverage="75% (3/4)">
              <conditions>
                <condition number="13" type="jump" coverage="50%" />
                <condition number="37" type="jump" coverage="100%" />
              </conditions>
            </line>
            <line number="90" hits="1" branch="False" />
            <line number="91" hits="1" branch="False" />
            <line number="92" hits="1" branch="False" />
            <line number="93" hits="1" branch="False" />
            <line number="94" hits="1" branch="False" />
            <line number="95" hits="1" branch="False" />
            <line number="96" hits="2" branch="False" />
            <line number="51" hits="8" branch="False" />
            <line number="52" hits="8" branch="False" />
            <line number="53" hits="8" branch="False" />
            <line number="54" hits="8" branch="False" />
            <line number="56" hits="8" branch="True" condition-coverage="100% (2/2)">
              <conditions>
                <condition number="34" type="jump" coverage="100%" />
              </conditions>
            </line>
            <line number="57" hits="7" branch="False" />
            <line number="59" hits="1" branch="False" />
            <line number="61" hits="8" branch="False" />
            <line number="62" hits="8" branch="False" />
            <line number="64" hits="8" branch="False" />
            <line number="65" hits="8" branch="False" />
            <line number="67" hits="27" branch="False" />
            <line number="68" hits="27" branch="False" />
            <line number="70" hits="27" branch="False" />
          </lines>
        </class>
        <class name="Domari.StudentskiDom" filename="Desktop\Zadaca2\Domari\Domari\StudentskiDom.cs" line-rate="0.9759" branch-rate="0.9523" complexity="45">
          <methods>
            <method name="get_Studenti" signature="()" line-rate="1" branch-rate="1" complexity="1">
              <lines>
                <line number="21" hits="15" branch="False" />
              </lines>
            </method>
            <method name="get_Sobe" signature="()" line-rate="1" branch-rate="1" complexity="1">
              <lines>
                <line number="26" hits="140" branch="False" />
              </lines>
            </method>
            <method name="GenerišiSljedećiBroj" signature="()" line-rate="1" branch-rate="1" complexity="1">
              <lines>
                <line number="60" hits="21" branch="False" />
                <line number="62" hits="21" branch="False" />
                <line number="63" hits="21" branch="False" />
                <line number="64" hits="21" branch="False" />
                <line number="65" hits="21" branch="False" />
                <line number="66" hits="21" branch="False" />
              </lines>
            </method>
            <method name="RadSaStudentom" signature="(Domari.Student,System.Int32)" line-rate="1" branch-rate="1" complexity="12">
              <lines>
                <line number="69" hits="9" branch="False" />
                <line number="70" hits="9" branch="True" condition-coverage="100% (2/2)">
                  <conditions>
                    <condition number="20" type="jump" coverage="100%" />
                  </conditions>
                </line>
                <line number="71" hits="5" branch="False" />
                <line number="72" hits="6" branch="True" condition-coverage="100% (2/2)">
                  <conditions>
                    <condition number="51" type="jump" coverage="100%" />
                  </conditions>
                </line>
                <line number="73" hits="1" branch="False" />
                <line number="74" hits="4" branch="False" />
                <line number="75" hits="4" branch="False" />
                <line number="76" hits="4" branch="True" condition-coverage="100% (2/2)">
                  <conditions>
                    <condition number="94" type="jump" coverage="100%" />
                  </conditions>
                </line>
                <line number="77" hits="2" branch="False" />
                <line number="78" hits="18" branch="False" />
                <line number="79" hits="2" branch="True" condition-coverage="100% (2/2)">
                  <conditions>
                    <condition number="131" type="jump" coverage="100%" />
                  </conditions>
                </line>
                <line number="80" hits="1" branch="False" />
                <line number="81" hits="1" branch="False" />
                <line number="82" hits="1" branch="False" />
                <line number="83" hits="2" branch="True" condition-coverage="100% (2/2)">
                  <conditions>
                    <condition number="169" type="jump" coverage="100%" />
                  </conditions>
                </line>
                <line number="84" hits="2" branch="False" />
                <line number="85" hits="3" branch="False" />
                <line number="86" hits="2" branch="True" condition-coverage="100% (2/2)">
                  <conditions>
                    <condition number="206" type="jump" coverage="100%" />
                  </conditions>
                </line>
                <line number="87" hits="1" branch="False" />
                <line number="88" hits="1" branch="False" />
                <line number="89" hits="1" branch="False" />
                <line number="90" hits="6" branch="False" />
              </lines>
            </method>
            <method name="UpisUDom" signature="(Domari.Student,System.Int32,System.Boolean)" line-rate="1" branch-rate="1" complexity="10">
              <lines>
                <line number="93" hits="7" branch="False" />
                <line number="94" hits="14" branch="True" condition-coverage="100% (2/2)">
                  <conditions>
                    <condition number="12" type="jump" coverage="100%" />
                  </conditions>
                </line>
                <line number="95" hits="7" branch="True" condition-coverage="100% (4/4)">
                  <conditions>
                    <condition number="39" type="jump" coverage="100%" />
                    <condition number="50" type="jump" coverage="100%" />
                  </conditions>
                </line>
                <line number="96" hits="1" branch="False" />
                <line number="97" hits="6" branch="True" condition-coverage="100% (2/2)">
                  <conditions>
                    <condition number="69" type="jump" coverage="100%" />
                  </conditions>
                </line>
                <line number="98" hits="3" branch="False" />
                <line number="99" hits="5" branch="False" />
                <line number="100" hits="3" branch="True" condition-coverage="100% (2/2)">
                  <conditions>
                    <condition number="125" type="jump" coverage="100%" />
                  </conditions>
                </line>
                <line number="101" hits="1" branch="False" />
                <line number="102" hits="2" branch="False" />
                <line number="103" hits="2" branch="False" />
                <line number="105" hits="3" branch="False" />
                <line number="106" hits="5" branch="False" />
              </lines>
            </method>
            <method name="PromjenaSobe" signature="(Domari.Soba,System.Int32)" line-rate="0.8" branch-rate="0.5" complexity="4">
              <lines>
                <line number="118" hits="1" branch="False" />
                <line number="119" hits="2" branch="False" />
                <line number="120" hits="1" branch="True" condition-coverage="50% (1/2)">
                  <conditions>
                    <condition number="49" type="jump" coverage="50%" />
                  </conditions>
                </line>
                <line number="121" hits="1" branch="False" />
                <line number="122" hits="1" branch="False" />
                <line number="123" hits="1" branch="False" />
                <line number="124" hits="0" branch="True" condition-coverage="50% (1/2)">
                  <conditions>
                    <condition number="78" type="jump" coverage="50%" />
                  </conditions>
                </line>
                <line number="125" hits="0" branch="False" />
                <line number="127" hits="1" branch="False" />
                <line number="128" hits="1" branch="False" />
              </lines>
            </method>
            <method name="DajStudenteIzPaviljona" signature="(Domari.IPodaci)" line-rate="1" branch-rate="1" complexity="4">
              <lines>
                <line number="131" hits="1" branch="False" />
                <line number="132" hits="1" branch="False" />
                <line number="133" hits="5" branch="True" condition-coverage="100% (2/2)">
                  <conditions>
                    <condition number="73" type="jump" coverage="100%" />
                  </conditions>
                </line>
                <line number="134" hits="1" branch="False" />
                <line number="135" hits="1" branch="True" condition-coverage="100% (2/2)">
                  <conditions>
                    <condition number="55" type="jump" coverage="100%" />
                  </conditions>
                </line>
                <line number="136" hits="1" branch="False" />
                <line number="137" hits="1" branch="False" />
                <line number="138" hits="1" branch="False" />
                <line number="139" hits="1" branch="False" />
              </lines>
            </method>
            <method name=".ctor" signature="(System.Int32)" line-rate="1" branch-rate="1" complexity="12">
              <lines>
                <line number="33" hits="11" branch="False" />
                <line number="34" hits="11" branch="False" />
                <line number="35" hits="11" branch="False" />
                <line number="36" hits="11" branch="False" />
                <line number="37" hits="266" branch="True" condition-coverage="100% (2/2)">
                  <conditions>
                    <condition number="148" type="jump" coverage="100%" />
                  </conditions>
                </line>
                <line number="38" hits="122" branch="False" />
                <line number="39" hits="122" branch="False" />
                <line number="40" hits="122" branch="False" />
                <line number="41" hits="122" branch="True" condition-coverage="100% (6/6)">
                  <conditions>
                    <condition number="43" type="jump" coverage="100%" />
                    <condition number="49" type="jump" coverage="100%" />
                    <condition number="64" type="jump" coverage="100%" />
                  </conditions>
                </line>
                <line number="42" hits="40" branch="False" />
                <line number="43" hits="40" branch="False" />
                <line number="44" hits="40" branch="False" />
                <line number="45" hits="40" branch="False" />
                <line number="46" hits="82" branch="True" condition-coverage="100% (4/4)">
                  <conditions>
                    <condition number="80" type="jump" coverage="100%" />
                    <condition number="100" type="jump" coverage="100%" />
                  </conditions>
                </line>
                <line number="47" hits="41" branch="False" />
                <line number="48" hits="41" branch="False" />
                <line number="49" hits="41" branch="False" />
                <line number="50" hits="41" branch="False" />
                <line number="51" hits="122" branch="False" />
                <line number="52" hits="122" branch="False" />
                <line number="53" hits="11" branch="False" />
              </lines>
            </method>
          </methods>
          <lines>
            <line number="21" hits="15" branch="False" />
            <line number="26" hits="140" branch="False" />
            <line number="60" hits="21" branch="False" />
            <line number="62" hits="21" branch="False" />
            <line number="63" hits="21" branch="False" />
            <line number="64" hits="21" branch="False" />
            <line number="65" hits="21" branch="False" />
            <line number="66" hits="21" branch="False" />
            <line number="69" hits="9" branch="False" />
            <line number="70" hits="9" branch="True" condition-coverage="100% (2/2)">
              <conditions>
                <condition number="20" type="jump" coverage="100%" />
              </conditions>
            </line>
            <line number="71" hits="5" branch="False" />
            <line number="72" hits="6" branch="True" condition-coverage="100% (2/2)">
              <conditions>
                <condition number="51" type="jump" coverage="100%" />
              </conditions>
            </line>
            <line number="73" hits="1" branch="False" />
            <line number="74" hits="4" branch="False" />
            <line number="75" hits="4" branch="False" />
            <line number="76" hits="4" branch="True" condition-coverage="100% (2/2)">
              <conditions>
                <condition number="94" type="jump" coverage="100%" />
              </conditions>
            </line>
            <line number="77" hits="2" branch="False" />
            <line number="78" hits="18" branch="False" />
            <line number="79" hits="2" branch="True" condition-coverage="100% (2/2)">
              <conditions>
                <condition number="131" type="jump" coverage="100%" />
              </conditions>
            </line>
            <line number="80" hits="1" branch="False" />
            <line number="81" hits="1" branch="False" />
            <line number="82" hits="1" branch="False" />
            <line number="83" hits="2" branch="True" condition-coverage="100% (2/2)">
              <conditions>
                <condition number="169" type="jump" coverage="100%" />
              </conditions>
            </line>
            <line number="84" hits="2" branch="False" />
            <line number="85" hits="3" branch="False" />
            <line number="86" hits="2" branch="True" condition-coverage="100% (2/2)">
              <conditions>
                <condition number="206" type="jump" coverage="100%" />
              </conditions>
            </line>
            <line number="87" hits="1" branch="False" />
            <line number="88" hits="1" branch="False" />
            <line number="89" hits="1" branch="False" />
            <line number="90" hits="6" branch="False" />
            <line number="93" hits="7" branch="False" />
            <line number="94" hits="14" branch="True" condition-coverage="100% (2/2)">
              <conditions>
                <condition number="12" type="jump" coverage="100%" />
              </conditions>
            </line>
            <line number="95" hits="7" branch="True" condition-coverage="100% (4/4)">
              <conditions>
                <condition number="39" type="jump" coverage="100%" />
                <condition number="50" type="jump" coverage="100%" />
              </conditions>
            </line>
            <line number="96" hits="1" branch="False" />
            <line number="97" hits="6" branch="True" condition-coverage="100% (2/2)">
              <conditions>
                <condition number="69" type="jump" coverage="100%" />
              </conditions>
            </line>
            <line number="98" hits="3" branch="False" />
            <line number="99" hits="5" branch="False" />
            <line number="100" hits="3" branch="True" condition-coverage="100% (2/2)">
              <conditions>
                <condition number="125" type="jump" coverage="100%" />
              </conditions>
            </line>
            <line number="101" hits="1" branch="False" />
            <line number="102" hits="2" branch="False" />
            <line number="103" hits="2" branch="False" />
            <line number="105" hits="3" branch="False" />
            <line number="106" hits="5" branch="False" />
            <line number="118" hits="1" branch="False" />
            <line number="119" hits="2" branch="False" />
            <line number="120" hits="1" branch="True" condition-coverage="50% (1/2)">
              <conditions>
                <condition number="49" type="jump" coverage="50%" />
              </conditions>
            </line>
            <line number="121" hits="1" branch="False" />
            <line number="122" hits="1" branch="False" />
            <line number="123" hits="1" branch="False" />
            <line number="124" hits="0" branch="True" condition-coverage="50% (1/2)">
              <conditions>
                <condition number="78" type="jump" coverage="50%" />
              </conditions>
            </line>
            <line number="125" hits="0" branch="False" />
            <line number="127" hits="1" branch="False" />
            <line number="128" hits="1" branch="False" />
            <line number="131" hits="1" branch="False" />
            <line number="132" hits="1" branch="False" />
            <line number="133" hits="5" branch="True" condition-coverage="100% (2/2)">
              <conditions>
                <condition number="73" type="jump" coverage="100%" />
              </conditions>
            </line>
            <line number="134" hits="1" branch="False" />
            <line number="135" hits="1" branch="True" condition-coverage="100% (2/2)">
              <conditions>
                <condition number="55" type="jump" coverage="100%" />
              </conditions>
            </line>
            <line number="136" hits="1" branch="False" />
            <line number="137" hits="1" branch="False" />
            <line number="138" hits="1" branch="False" />
            <line number="139" hits="1" branch="False" />
            <line number="33" hits="11" branch="False" />
            <line number="34" hits="11" branch="False" />
            <line number="35" hits="11" branch="False" />
            <line number="36" hits="11" branch="False" />
            <line number="37" hits="266" branch="True" condition-coverage="100% (2/2)">
              <conditions>
                <condition number="148" type="jump" coverage="100%" />
              </conditions>
            </line>
            <line number="38" hits="122" branch="False" />
            <line number="39" hits="122" branch="False" />
            <line number="40" hits="122" branch="False" />
            <line number="41" hits="122" branch="True" condition-coverage="100% (6/6)">
              <conditions>
                <condition number="43" type="jump" coverage="100%" />
                <condition number="49" type="jump" coverage="100%" />
                <condition number="64" type="jump" coverage="100%" />
              </conditions>
            </line>
            <line number="42" hits="40" branch="False" />
            <line number="43" hits="40" branch="False" />
            <line number="44" hits="40" branch="False" />
            <line number="45" hits="40" branch="False" />
            <line number="46" hits="82" branch="True" condition-coverage="100% (4/4)">
              <conditions>
                <condition number="80" type="jump" coverage="100%" />
                <condition number="100" type="jump" coverage="100%" />
              </conditions>
            </line>
            <line number="47" hits="41" branch="False" />
            <line number="48" hits="41" branch="False" />
            <line number="49" hits="41" branch="False" />
            <line number="50" hits="41" branch="False" />
            <line number="51" hits="122" branch="False" />
            <line number="52" hits="122" branch="False" />
            <line number="53" hits="11" branch="False" />
          </lines>
        </class>
      </classes>
    </package>
    <package name="Unit Testovi" line-rate="0.9278" branch-rate="1" complexity="41">
      <classes>
        <class name="AutoGeneratedProgram" filename=".nuget\packages\microsoft.net.test.sdk\16.5.0\build\netcoreapp2.1\Microsoft.NET.Test.Sdk.Program.cs" line-rate="0" branch-rate="1" complexity="1">
          <methods>
            <method name="Main" signature="(System.String[])" line-rate="0" branch-rate="1" complexity="1">
              <lines>
                <line number="4" hits="0" branch="False" />
              </lines>
            </method>
          </methods>
          <lines>
            <line number="4" hits="0" branch="False" />
          </lines>
        </class>
        <class name="Zadatak1Test.UnitTest1" filename="Desktop\Zadaca2\Domari\Unit Testovi\UnitTest1.cs" line-rate="0.9473" branch-rate="1" complexity="5">
          <methods>
            <method name="TestPromjenaInformacijaOSkolovanju" signature="()" line-rate="1" branch-rate="1" complexity="1">
              <lines>
                <line number="13" hits="1" branch="False" />
                <line number="14" hits="1" branch="False" />
                <line number="15" hits="1" branch="False" />
                <line number="16" hits="1" branch="False" />
                <line number="17" hits="1" branch="False" />
                <line number="18" hits="1" branch="False" />
                <line number="19" hits="1" branch="False" />
                <line number="20" hits="1" branch="False" />
                <line number="23" hits="1" branch="False" />
              </lines>
            </method>
            <method name="TestKorisnik" signature="()" line-rate="1" branch-rate="1" complexity="1">
              <lines>
                <line number="27" hits="1" branch="False" />
                <line number="28" hits="1" branch="False" />
                <line number="29" hits="1" branch="False" />
                <line number="30" hits="1" branch="False" />
                <line number="31" hits="1" branch="False" />
                <line number="33" hits="1" branch="False" />
              </lines>
            </method>
            <method name="TestUsername" signature="()" line-rate="0.75" branch-rate="1" complexity="1">
              <lines>
                <line number="37" hits="1" branch="False" />
                <line number="38" hits="1" branch="False" />
                <line number="39" hits="1" branch="False" />
                <line number="40" hits="0" branch="False" />
              </lines>
            </method>
            <method name="TestPassword" signature="()" line-rate="0.75" branch-rate="1" complexity="1">
              <lines>
                <line number="44" hits="1" branch="False" />
                <line number="45" hits="1" branch="False" />
                <line number="46" hits="1" branch="False" />
                <line number="47" hits="0" branch="False" />
              </lines>
            </method>
            <method name="TestPromjenaSobe" signature="()" line-rate="1" branch-rate="1" complexity="1">
              <lines>
                <line number="52" hits="1" branch="False" />
                <line number="53" hits="1" branch="False" />
                <line number="54" hits="1" branch="False" />
                <line number="56" hits="1" branch="False" />
                <line number="59" hits="1" branch="False" />
                <line number="60" hits="1" branch="False" />
                <line number="61" hits="1" branch="False" />
                <line number="63" hits="1" branch="False" />
                <line number="64" hits="1" branch="False" />
                <line number="65" hits="1" branch="False" />
                <line number="67" hits="1" branch="False" />
                <line number="68" hits="1" branch="False" />
                <line number="70" hits="1" branch="False" />
                <line number="72" hits="1" branch="False" />
                <line number="74" hits="1" branch="False" />
              </lines>
            </method>
          </methods>
          <lines>
            <line number="13" hits="1" branch="False" />
            <line number="14" hits="1" branch="False" />
            <line number="15" hits="1" branch="False" />
            <line number="16" hits="1" branch="False" />
            <line number="17" hits="1" branch="False" />
            <line number="18" hits="1" branch="False" />
            <line number="19" hits="1" branch="False" />
            <line number="20" hits="1" branch="False" />
            <line number="23" hits="1" branch="False" />
            <line number="27" hits="1" branch="False" />
            <line number="28" hits="1" branch="False" />
            <line number="29" hits="1" branch="False" />
            <line number="30" hits="1" branch="False" />
            <line number="31" hits="1" branch="False" />
            <line number="33" hits="1" branch="False" />
            <line number="37" hits="1" branch="False" />
            <line number="38" hits="1" branch="False" />
            <line number="39" hits="1" branch="False" />
            <line number="40" hits="0" branch="False" />
            <line number="44" hits="1" branch="False" />
            <line number="45" hits="1" branch="False" />
            <line number="46" hits="1" branch="False" />
            <line number="47" hits="0" branch="False" />
            <line number="52" hits="1" branch="False" />
            <line number="53" hits="1" branch="False" />
            <line number="54" hits="1" branch="False" />
            <line number="56" hits="1" branch="False" />
            <line number="59" hits="1" branch="False" />
            <line number="60" hits="1" branch="False" />
            <line number="61" hits="1" branch="False" />
            <line number="63" hits="1" branch="False" />
            <line number="64" hits="1" branch="False" />
            <line number="65" hits="1" branch="False" />
            <line number="67" hits="1" branch="False" />
            <line number="68" hits="1" branch="False" />
            <line number="70" hits="1" branch="False" />
            <line number="72" hits="1" branch="False" />
            <line number="74" hits="1" branch="False" />
          </lines>
        </class>
        <class name="Unit_Testovi.NoviTestovi" filename="Desktop\Zadaca2\Domari\Unit Testovi\NoviTestovi.cs" line-rate="0.9285" branch-rate="1" complexity="35">
          <methods>
            <method name="TestZamjenskiObjekat" signature="()" line-rate="1" branch-rate="1" complexity="1">
              <lines>
                <line number="15" hits="1" branch="False" />
                <line number="16" hits="1" branch="False" />
                <line number="18" hits="1" branch="False" />
                <line number="19" hits="1" branch="False" />
                <line number="20" hits="1" branch="False" />
                <line number="22" hits="1" branch="False" />
                <line number="24" hits="1" branch="False" />
                <line number="26" hits="1" branch="False" />
                <line number="28" hits="2" branch="False" />
                <line number="29" hits="1" branch="False" />
              </lines>
            </method>
            <method name="TestPromjenaGodineStudija" signature="()" line-rate="1" branch-rate="1" complexity="1">
              <lines>
                <line number="37" hits="1" branch="False" />
                <line number="38" hits="1" branch="False" />
                <line number="40" hits="1" branch="False" />
                <line number="42" hits="1" branch="False" />
                <line number="43" hits="1" branch="False" />
              </lines>
            </method>
            <method name="TestPromjenaGodineStudija2" signature="()" line-rate="1" branch-rate="1" complexity="1">
              <lines>
                <line number="47" hits="1" branch="False" />
                <line number="48" hits="1" branch="False" />
                <line number="50" hits="1" branch="False" />
                <line number="52" hits="1" branch="False" />
                <line number="53" hits="1" branch="False" />
              </lines>
            </method>
            <method name="TestPromjenaGodineStudija3" signature="()" line-rate="0.75" branch-rate="1" complexity="1">
              <lines>
                <line number="58" hits="1" branch="False" />
                <line number="59" hits="1" branch="False" />
                <line number="61" hits="1" branch="False" />
                <line number="62" hits="0" branch="False" />
              </lines>
            </method>
            <method name="TestSoba" signature="()" line-rate="1" branch-rate="1" complexity="1">
              <lines>
                <line number="66" hits="1" branch="False" />
                <line number="67" hits="1" branch="False" />
                <line number="68" hits="1" branch="False" />
                <line number="69" hits="1" branch="False" />
                <line number="71" hits="1" branch="False" />
                <line number="72" hits="1" branch="False" />
                <line number="73" hits="1" branch="False" />
                <line number="74" hits="1" branch="False" />
                <line number="75" hits="1" branch="False" />
                <line number="76" hits="1" branch="False" />
                <line number="77" hits="1" branch="False" />
                <line number="78" hits="1" branch="False" />
                <line number="80" hits="1" branch="False" />
              </lines>
            </method>
            <method name="TestDodajStanara" signature="()" line-rate="0.8571" branch-rate="1" complexity="1">
              <lines>
                <line number="85" hits="1" branch="False" />
                <line number="86" hits="1" branch="False" />
                <line number="87" hits="1" branch="False" />
                <line number="88" hits="1" branch="False" />
                <line number="89" hits="1" branch="False" />
                <line number="90" hits="1" branch="False" />
                <line number="92" hits="0" branch="False" />
              </lines>
            </method>
            <method name="TestIsprazniSobu" signature="()" line-rate="1" branch-rate="1" complexity="1">
              <lines>
                <line number="95" hits="1" branch="False" />
                <line number="96" hits="1" branch="False" />
                <line number="97" hits="1" branch="False" />
                <line number="99" hits="1" branch="False" />
                <line number="100" hits="1" branch="False" />
                <line number="101" hits="1" branch="False" />
                <line number="102" hits="1" branch="False" />
                <line number="104" hits="1" branch="False" />
              </lines>
            </method>
            <method name="TestIzbaciStudenta" signature="()" line-rate="1" branch-rate="1" complexity="1">
              <lines>
                <line number="108" hits="1" branch="False" />
                <line number="109" hits="1" branch="False" />
                <line number="110" hits="1" branch="False" />
                <line number="111" hits="1" branch="False" />
                <line number="112" hits="1" branch="False" />
                <line number="113" hits="1" branch="False" />
                <line number="114" hits="1" branch="False" />
                <line number="116" hits="1" branch="False" />
              </lines>
            </method>
            <method name="TestIzbaciStudenta2" signature="()" line-rate="0.8887999999999999" branch-rate="1" complexity="1">
              <lines>
                <line number="121" hits="1" branch="False" />
                <line number="122" hits="1" branch="False" />
                <line number="123" hits="1" branch="False" />
                <line number="124" hits="1" branch="False" />
                <line number="125" hits="1" branch="False" />
                <line number="126" hits="1" branch="False" />
                <line number="127" hits="1" branch="False" />
                <line number="129" hits="1" branch="False" />
                <line number="132" hits="0" branch="False" />
              </lines>
            </method>
            <method name="TestDaLiJeStanar" signature="()" line-rate="1" branch-rate="1" complexity="1">
              <lines>
                <line number="135" hits="1" branch="False" />
                <line number="136" hits="1" branch="False" />
                <line number="138" hits="1" branch="False" />
                <line number="139" hits="1" branch="False" />
                <line number="140" hits="1" branch="False" />
                <line number="141" hits="1" branch="False" />
                <line number="143" hits="1" branch="False" />
                <line number="146" hits="1" branch="False" />
              </lines>
            </method>
            <method name="TestPromjenaBrojaSobe" signature="()" line-rate="1" branch-rate="1" complexity="1">
              <lines>
                <line number="149" hits="1" branch="False" />
                <line number="150" hits="1" branch="False" />
                <line number="151" hits="1" branch="False" />
                <line number="152" hits="1" branch="False" />
                <line number="153" hits="1" branch="False" />
              </lines>
            </method>
            <method name="TestPromjenaBrojaSobe2" signature="()" line-rate="1" branch-rate="1" complexity="1">
              <lines>
                <line number="156" hits="1" branch="False" />
                <line number="157" hits="1" branch="False" />
                <line number="158" hits="1" branch="False" />
                <line number="159" hits="1" branch="False" />
                <line number="160" hits="1" branch="False" />
                <line number="161" hits="1" branch="False" />
                <line number="162" hits="1" branch="False" />
                <line number="163" hits="1" branch="False" />
                <line number="164" hits="1" branch="False" />
              </lines>
            </method>
            <method name="TestPromjenaBrojaSobe3" signature="()" line-rate="0.9411" branch-rate="1" complexity="1">
              <lines>
                <line number="168" hits="1" branch="False" />
                <line number="169" hits="1" branch="False" />
                <line number="170" hits="1" branch="False" />
                <line number="171" hits="1" branch="False" />
                <line number="172" hits="1" branch="False" />
                <line number="173" hits="1" branch="False" />
                <line number="174" hits="1" branch="False" />
                <line number="175" hits="1" branch="False" />
                <line number="176" hits="1" branch="False" />
                <line number="177" hits="1" branch="False" />
                <line number="178" hits="1" branch="False" />
                <line number="179" hits="1" branch="False" />
                <line number="180" hits="1" branch="False" />
                <line number="181" hits="1" branch="False" />
                <line number="182" hits="1" branch="False" />
                <line number="183" hits="1" branch="False" />
                <line number="184" hits="0" branch="False" />
              </lines>
            </method>
            <method name="TestPRebivaliste" signature="()" line-rate="1" branch-rate="1" complexity="1">
              <lines>
                <line number="189" hits="1" branch="False" />
                <line number="190" hits="1" branch="False" />
                <line number="191" hits="1" branch="False" />
                <line number="192" hits="1" branch="False" />
                <line number="194" hits="1" branch="False" />
                <line number="195" hits="1" branch="False" />
                <line number="196" hits="1" branch="False" />
                <line number="197" hits="1" branch="False" />
[...]
                <line number="366" hits="1" branch="False" />
                <line number="367" hits="1" branch="False" />
                <line number="368" hits="1" branch="False" />
                <line number="370" hits="1" branch="False" />
                <line number="371" hits="1" branch="False" />
                <line number="372" hits="1" branch="False" />
                <line number="375" hits="1" branch="False" />
                <line number="376" hits="1" branch="False" />
                <line number="378" hits="1" branch="False" />
                <line number="379" hits="1" branch="False" />
              </lines>
            </method>
            <method name="TestRadSaStudentom4" signature="()" line-rate="0.875" branch-rate="1" complexity="1">
              <lines>
                <line number="384" hits="1" branch="False" />
                <line number="385" hits="1" branch="False" />
                <line number="387" hits="1" branch="False" />
                <line number="388" hits="1" branch="False" />
                <line number="389" hits="1" branch="False" />
                <line number="391" hits="1" branch="False" />
                <line number="392" hits="1" branch="False" />
                <line number="393" hits="0" branch="False" />
              </lines>
            </method>
            <method name="TestRadSaStudentom5" signature="()" line-rate="0.8571" branch-rate="1" complexity="1">
              <lines>
                <line number="398" hits="1" branch="False" />
                <line number="399" hits="1" branch="False" />
                <line number="401" hits="1" branch="False" />
                <line number="402" hits="1" branch="False" />
                <line number="403" hits="1" branch="False" />
                <line number="405" hits="1" branch="False" />
                <line number="406" hits="0" branch="False" />
              </lines>
            </method>
            <method name="TestRadSaStudentom6" signature="()" line-rate="0.8571" branch-rate="1" complexity="1">
              <lines>
                <line number="411" hits="1" branch="False" />
                <line number="412" hits="1" branch="False" />
                <line number="414" hits="1" branch="False" />
                <line number="415" hits="1" branch="False" />
                <line number="416" hits="1" branch="False" />
                <line number="418" hits="1" branch="False" />
                <line number="419" hits="0" branch="False" />
              </lines>
            </method>
            <method name="TestUpisUDom" signature="()" line-rate="1" branch-rate="1" complexity="1">
              <lines>
                <line number="425" hits="1" branch="False" />
                <line number="426" hits="1" branch="False" />
                <line number="427" hits="1" branch="False" />
                <line number="428" hits="1" branch="False" />
                <line number="431" hits="1" branch="False" />
                <line number="432" hits="1" branch="False" />
                <line number="433" hits="1" branch="False" />
                <line number="436" hits="1" branch="False" />
              </lines>
            </method>
            <method name="TestUpisUDom2" signature="()" line-rate="0.7142000000000001" branch-rate="1" complexity="1">
              <lines>
                <line number="440" hits="1" branch="False" />
                <line number="441" hits="1" branch="False" />
                <line number="442" hits="1" branch="False" />
                <line number="443" hits="1" branch="False" />
                <line number="446" hits="1" branch="False" />
                <line number="447" hits="0" branch="False" />
                <line number="450" hits="0" branch="False" />
              </lines>
            </method>
            <method name="TestUpisUDom3" signature="()" line-rate="0.7142000000000001" branch-rate="1" complexity="1">
              <lines>
                <line number="455" hits="1" branch="False" />
                <line number="456" hits="1" branch="False" />
                <line number="457" hits="1" branch="False" />
                <line number="458" hits="1" branch="False" />
                <line number="461" hits="1" branch="False" />
                <line number="462" hits="0" branch="False" />
                <line number="465" hits="0" branch="False" />
              </lines>
            </method>
          </methods>
          <lines>
            <line number="15" hits="1" branch="False" />
            <line number="16" hits="1" branch="False" />
            <line number="18" hits="1" branch="False" />
            <line number="19" hits="1" branch="False" />
            <line number="20" hits="1" branch="False" />
            <line number="22" hits="1" branch="False" />
            <line number="24" hits="1" branch="False" />
            <line number="26" hits="1" branch="False" />
            <line number="28" hits="2" branch="False" />
            <line number="29" hits="1" branch="False" />
            <line number="37" hits="1" branch="False" />
            <line number="38" hits="1" branch="False" />
            <line number="40" hits="1" branch="False" />
            <line number="42" hits="1" branch="False" />
            <line number="43" hits="1" branch="False" />
            <line number="47" hits="1" branch="False" />
            <line number="48" hits="1" branch="False" />
            <line number="50" hits="1" branch="False" />
            <line number="52" hits="1" branch="False" />
            <line number="53" hits="1" branch="False" />
            <line number="58" hits="1" branch="False" />
            <line number="59" hits="1" branch="False" />
            <line number="61" hits="1" branch="False" />
            <line number="62" hits="0" branch="False" />
            <line number="66" hits="1" branch="False" />
            <line number="67" hits="1" branch="False" />
            <line number="68" hits="1" branch="False" />
            <line number="69" hits="1" branch="False" />
            <line number="71" hits="1" branch="False" />
            <line number="72" hits="1" branch="False" />
            <line number="73" hits="1" branch="False" />
            <line number="74" hits="1" branch="False" />
            <line number="75" hits="1" branch="False" />
            <line number="76" hits="1" branch="False" />
            <line number="77" hits="1" branch="False" />
            <line number="78" hits="1" branch="False" />
            <line number="80" hits="1" branch="False" />
            <line number="85" hits="1" branch="False" />
            <line number="86" hits="1" branch="False" />
            <line number="87" hits="1" branch="False" />
            <line number="88" hits="1" branch="False" />
            <line number="89" hits="1" branch="False" />
            <line number="90" hits="1" branch="False" />
            <line number="92" hits="0" branch="False" />
            <line number="95" hits="1" branch="False" />
            <line number="96" hits="1" branch="False" />
            <line number="97" hits="1" branch="False" />
            <line number="99" hits="1" branch="False" />
            <line number="100" hits="1" branch="False" />
            <line number="101" hits="1" branch="False" />
            <line number="102" hits="1" branch="False" />
            <line number="104" hits="1" branch="False" />
            <line number="108" hits="1" branch="False" />
            <line number="109" hits="1" branch="False" />
            <line number="110" hits="1" branch="False" />
            <line number="111" hits="1" branch="False" />
            <line number="112" hits="1" branch="False" />
            <line number="113" hits="1" branch="False" />
            <line number="114" hits="1" branch="False" />
            <line number="116" hits="1" branch="False" />
            <line number="121" hits="1" branch="False" />
            <line number="122" hits="1" branch="False" />
            <line number="123" hits="1" branch="False" />
            <line number="124" hits="1" branch="False" />
            <line number="125" hits="1" branch="False" />
            <line number="126" hits="1" branch="False" />
            <line number="127" hits="1" branch="False" />
            <line number="129" hits="1" branch="False" />
            <line number="132" hits="0" branch="False" />
            <line number="135" hits="1" branch="False" />
            <line number="136" hits="1" branch="False" />
            <line number="138" hits="1" branch="False" />
            <line number="139" hits="1" branch="False" />
            <line number="140" hits="1" branch="False" />
            <line number="141" hits="1" branch="False" />
            <line number="143" hits="1" branch="False" />
            <line number="146" hits="1" branch="False" />
            <line number="149" hits="1" branch="False" />
            <line number="150" hits="1" branch="False" />
            <line number="151" hits="1" branch="False" />
            <line number="152" hits="1" branch="False" />
            <line number="153" hits="1" branch="False" />
            <line number="156" hits="1" branch="False" />
            <line number="157" hits="1" branch="False" />
            <line number="158" hits="1" branch="False" />
            <line number="159" hits="1" branch="False" />
            <line number="160" hits="1" branch="False" />
            <line number="161" hits="1" branch="False" />
            <line number="162" hits="1" branch="False" />
            <line number="163" hits="1" branch="False" />
            <line number="164" hits="1" branch="False" />
            <line number="168" hits="1" branch="False" />
            <line number="169" hits="1" branch="False" />
            <line number="170" hits="1" branch="False" />
            <line number="171" hits="1" branch="False" />
            <line number="172" hits="1" branch="False" />
            <line number="173" hits="1" branch="False" />
            <line number="174" hits="1" branch="False" />
            <line number="175" hits="1" branch="False" />
            <line number="176" hits="1" branch="False" />
            <line number="177" hits="1" branch="False" />
            <line number="178" hits="1" branch="False" />
            <line number="179" hits="1" branch="False" />
            <line number="180" hits="1" branch="False" />
            <line number="181" hits="1" branch="False" />
            <line number="182" hits="1" branch="False" />
            <line number="183" hits="1" branch="False" />
            <line number="184" hits="0" branch="False" />
            <line number="189" hits="1" branch="False" />
            <line number="190" hits="1" branch="False" />
            <line number="191" hits="1" branch="False" />
            <line number="192" hits="1" branch="False" />
            <line number="194" hits="1" branch="False" />
            <line number="195" hits="1" branch="False" />
            <line number="196" hits="1" branch="False" />
            <line number="197" hits="1" branch="False" />
            <line number="198" hits="1" branch="False" />
            <line number="199" hits="1" branch="False" />
            <line number="201" hits="1" branch="False" />
            <line number="202" hits="1" branch="False" />
            <line number="203" hits="1" branch="False" />
            <line number="204" hits="1" branch="False" />
            <line number="205" hits="1" branch="False" />
            <line number="209" hits="1" branch="False" />
            <line number="210" hits="1" branch="False" />
            <line number="211" hits="1" branch="False" />
            <line number="212" hits="1" branch="False" />
            <line number="214" hits="1" branch="False" />
            <line number="215" hits="1" branch="False" />
            <line number="216" hits="1" branch="False" />
            <line number="217" hits="1" branch="False" />
            <line number="218" hits="1" branch="False" />
            <line number="219" hits="1" branch="False" />
            <line number="221" hits="1" branch="False" />
            <line number="224" hits="1" branch="False" />
            <line number="226" hits="1" branch="False" />
            <line number="227" hits="1" branch="False" />
            <line number="228" hits="1" branch="False" />
            <line number="229" hits="1" branch="False" />
            <line number="231" hits="1" branch="False" />
            <line number="236" hits="1" branch="False" />
            <line number="237" hits="1" branch="False" />
            <line number="238" hits="1" branch="False" />
            <line number="239" hits="1" branch="False" />
            <line number="241" hits="1" branch="False" />
            <line number="248" hits="1" branch="False" />
            <line number="249" hits="1" branch="False" />
            <line number="250" hits="1" branch="False" />
            <line number="251" hits="1" branch="False" />
            <line number="252" hits="1" branch="False" />
            <line number="255" hits="0" branch="False" />
            <line number="261" hits="1" branch="False" />
            <line number="262" hits="1" branch="False" />
            <line number="263" hits="1" branch="False" />
            <line number="264" hits="1" branch="False" />
            <line number="265" hits="1" branch="False" />
            <line number="267" hits="0" branch="False" />
            <line number="272" hits="1" branch="False" />
            <line number="273" hits="1" branch="False" />
            <line number="274" hits="1" branch="False" />
            <line number="275" hits="1" branch="False" />
            <line number="276" hits="1" branch="False" />
            <line number="277" hits="1" branch="False" />
            <line number="278" hits="1" branch="False" />
            <line number="279" hits="1" branch="False" />
            <line number="280" hits="1" branch="False" />
            <line number="281" hits="1" branch="False" />
            <line number="282" hits="1" branch="False" />
            <line number="284" hits="1" branch="False" />
            <line number="289" hits="1" branch="False" />
            <line number="290" hits="1" branch="False" />
            <line number="291" hits="1" branch="False" />
            <line number="292" hits="0" branch="False" />
            <line number="297" hits="1" branch="False" />
            <line number="298" hits="1" branch="False" />
            <line number="299" hits="1" branch="False" />
            <line number="300" hits="0" branch="False" />
            <line number="304" hits="1" branch="False" />
            <line number="305" hits="1" branch="False" />
            <line number="306" hits="1" branch="False" />
            <line number="307" hits="0" branch="False" />
            <line number="311" hits="1" branch="False" />
            <line number="312" hits="1" branch="False" />
            <line number="313" hits="1" branch="False" />
            <line number="314" hits="0" branch="False" />
            <line number="318" hits="1" branch="False" />
            <line number="319" hits="1" branch="False" />
            <line number="320" hits="1" branch="False" />
            <line number="321" hits="0" branch="False" />
            <line number="326" hits="1" branch="False" />
            <line number="327" hits="1" branch="False" />
            <line number="328" hits="1" branch="False" />
            <line number="329" hits="0" branch="False" />
            <line number="333" hits="1" branch="False" />
            <line number="334" hits="1" branch="False" />
            <line number="336" hits="1" branch="False" />
            <line number="337" hits="1" branch="False" />
            <line number="338" hits="1" branch="False" />
            <line number="340" hits="1" branch="False" />
            <line number="342" hits="1" branch="False" />
            <line number="343" hits="1" branch="False" />
            <line number="348" hits="1" branch="False" />
            <line number="349" hits="1" branch="False" />
            <line number="350" hits="1" branch="False" />
            <line number="352" hits="1" branch="False" />
            <line number="354" hits="1" branch="False" />
            <line number="355" hits="1" branch="False" />
            <line number="356" hits="1" branch="False" />
            <line number="358" hits="1" branch="False" />
            <line number="359" hits="1" branch="False" />
            <line number="361" hits="1" branch="False" />
            <line number="362" hits="1" branch="False" />
            <line number="366" hits="1" branch="False" />
            <line number="367" hits="1" branch="False" />
            <line number="368" hits="1" branch="False" />
            <line number="370" hits="1" branch="False" />
            <line number="371" hits="1" branch="False" />
            <line number="372" hits="1" branch="False" />
            <line number="375" hits="1" branch="False" />
            <line number="376" hits="1" branch="False" />
            <line number="378" hits="1" branch="False" />
            <line number="379" hits="1" branch="False" />
            <line number="384" hits="1" branch="False" />
            <line number="385" hits="1" branch="False" />
            <line number="387" hits="1" branch="False" />
            <line number="388" hits="1" branch="False" />
            <line number="389" hits="1" branch="False" />
            <line number="391" hits="1" branch="False" />
            <line number="392" hits="1" branch="False" />
            <line number="393" hits="0" branch="False" />
            <line number="398" hits="1" branch="False" />
            <line number="399" hits="1" branch="False" />
            <line number="401" hits="1" branch="False" />
            <line number="402" hits="1" branch="False" />
            <line number="403" hits="1" branch="False" />
            <line number="405" hits="1" branch="False" />
            <line number="406" hits="0" branch="False" />
            <line number="411" hits="1" branch="False" />
            <line number="412" hits="1" branch="False" />
            <line number="414" hits="1" branch="False" />
            <line number="415" hits="1" branch="False" />
            <line number="416" hits="1" branch="False" />
            <line number="418" hits="1" branch="False" />
            <line number="419" hits="0" branch="False" />
            <line number="425" hits="1" branch="False" />
            <line number="426" hits="1" branch="False" />
            <line number="427" hits="1" branch="False" />
            <line number="428" hits="1" branch="False" />
            <line number="431" hits="1" branch="False" />
            <line number="432" hits="1" branch="False" />
            <line number="433" hits="1" branch="False" />
            <line number="436" hits="1" branch="False" />
            <line number="440" hits="1" branch="False" />
            <line number="441" hits="1" branch="False" />
            <line number="442" hits="1" branch="False" />
            <line number="443" hits="1" branch="False" />
            <line number="446" hits="1" branch="False" />
            <line number="447" hits="0" branch="False" />
            <line number="450" hits="0" branch="False" />
            <line number="455" hits="1" branch="False" />
            <line number="456" hits="1" branch="False" />
            <line number="457" hits="1" branch="False" />
            <line number="458" hits="1" branch="False" />
            <line number="461" hits="1" branch="False" />
            <line number="462" hits="0" branch="False" />
            <line number="465" hits="0" branch="False" />
          </lines>
        </class>
      </classes>
    </package>
  </packages>
</coverage>